<?xml version="1.0" encoding="UTF-8"?>
<testsuite name="nl.agiletech.flow.cmp.inspector.ClassUtilTest" tests="4" skipped="0" failures="0" errors="0" timestamp="2016-08-07T18:19:56" hostname="MacBook-Pro-2.local" time="0.005">
  <properties/>
  <testcase name="testShouldThrowWhenClassHasNoDefaultCtor" classname="nl.agiletech.flow.cmp.inspector.ClassUtilTest" time="0.001"/>
  <testcase name="testShouldCreateInstanceWhenClassHasNoCtor" classname="nl.agiletech.flow.cmp.inspector.ClassUtilTest" time="0.0"/>
  <testcase name="testShouldCreateInstanceOfClassWithDefaultCtor" classname="nl.agiletech.flow.cmp.inspector.ClassUtilTest" time="0.001"/>
  <testcase name="testShouldDiscoverObjects" classname="nl.agiletech.flow.cmp.inspector.ClassUtilTest" time="0.003"/>
  <system-out><![CDATA[]]></system-out>
  <system-err><![CDATA[]]></system-err>
</testsuite>
