<?xml version="1.0" encoding="UTF-8"?>
<testsuite name="nl.agiletech.flow.cmp.compiler.DefaultCompilerTest" tests="3" skipped="0" failures="0" errors="0" timestamp="2016-08-07T18:19:56" hostname="MacBook-Pro-2.local" time="0.593">
  <properties/>
  <testcase name="testShouldCompileForWebserver1" classname="nl.agiletech.flow.cmp.compiler.DefaultCompilerTest" time="0.482"/>
  <testcase name="testShouldCompileForWebserver2" classname="nl.agiletech.flow.cmp.compiler.DefaultCompilerTest" time="0.062"/>
  <testcase name="testShouldNotCompileForUnknownServer" classname="nl.agiletech.flow.cmp.compiler.DefaultCompilerTest" time="0.047"/>
  <system-out><![CDATA[]]></system-out>
  <system-err><![CDATA[Aug 07, 2016 8:19:56 PM nl.agiletech.flow.project.types.ConfigurationSettings loadFrom
INFO: configuration settings: 
Aug 07, 2016 8:19:56 PM nl.agiletech.flow.project.types.ConfigurationSettings loadFrom
INFO:   [fileRoot = /tmp/flow/files]
Aug 07, 2016 8:19:56 PM nl.agiletech.flow.project.types.ConfigurationSettings loadFrom
INFO: supported platforms: 
Aug 07, 2016 8:19:56 PM nl.agiletech.flow.project.types.ConfigurationSettings loadFrom
INFO:   [Darwin = nl.agiletech.flow.osx]
Aug 07, 2016 8:19:56 PM nl.agiletech.flow.project.types.ConfigurationSettings loadFrom
INFO:   [Debian = nl.agiletech.flow.debian]
Aug 07, 2016 8:19:56 PM nl.agiletech.flow.cmp.compiler.builtin.DefaultCompiler compile
INFO: --- compile ---
Aug 07, 2016 8:19:56 PM nl.agiletech.flow.cmp.jarinspector.JarInspector inspect
INFO: inspecting project: /Users/moincreemers/Documents/Projecten/INTERNAL/flow/build/1.0/StarterProject/libs/StarterProject.jar
Aug 07, 2016 8:19:56 PM nl.agiletech.flow.project.types.Context addConfigurationProvider
INFO: +configuration-provider: nl.agiletech.flow.cmp.project.DefaultConfigurationProvider@1c7b8c64
Aug 07, 2016 8:19:56 PM nl.agiletech.flow.cmp.project.GlobalConfigurationMapper mapConfigurations
INFO: +global config: class nl.agiletech.flow.examples.starter.config.GlobalConfig
Aug 07, 2016 8:19:56 PM nl.agiletech.flow.cmp.project.Configurator configure
INFO: configuring dataset
Aug 07, 2016 8:19:56 PM nl.agiletech.flow.cmp.project.Configurator configure
INFO:   NodeData:
Aug 07, 2016 8:19:56 PM nl.agiletech.flow.cmp.project.Configurator configure
INFO:     [nodedata.hostName = webserver1.local]
Aug 07, 2016 8:19:56 PM nl.agiletech.flow.cmp.project.Configurator configure
INFO:     [nodedata.name = webserver1]
Aug 07, 2016 8:19:56 PM nl.agiletech.flow.cmp.project.Configurator configure
INFO:     [nodedata.privateIp = 10.0.0.1]
Aug 07, 2016 8:19:56 PM nl.agiletech.flow.cmp.project.Configurator interrogateConfigurationProvider
INFO:   nl.agiletech.flow.examples.starter.config.GlobalConfig@cec60ce:
Aug 07, 2016 8:19:56 PM nl.agiletech.flow.cmp.project.Configurator interrogateConfigurationProvider
INFO:     [nl.agiletech.flow.examples.starter.config.GlobalConfig.domainName = agiletech.nl]
Aug 07, 2016 8:19:56 PM nl.agiletech.flow.cmp.project.NodeResolver resolve
INFO: +node: nl.agiletech.flow.examples.starter.nodes.WebserverNode@17a19c96
Aug 07, 2016 8:19:56 PM nl.agiletech.flow.cmp.project.ConfigurationResolver mapConfigurations
INFO: +configuration-mapper: nl.agiletech.flow.examples.starter.config.CustomConfigurationMapper
Aug 07, 2016 8:19:56 PM nl.agiletech.flow.project.types.Context addConfigurationProvider
INFO: +configuration-provider: nl.agiletech.flow.project.types.SimpleConfigurationProvider@700391a4
Aug 07, 2016 8:19:56 PM nl.agiletech.flow.cmp.project.Configurator configure
INFO: configuring dataset
Aug 07, 2016 8:19:56 PM nl.agiletech.flow.cmp.project.Configurator configure
INFO:   NodeData:
Aug 07, 2016 8:19:56 PM nl.agiletech.flow.cmp.project.Configurator configure
INFO:     [nodedata.hostName = webserver1.local]
Aug 07, 2016 8:19:56 PM nl.agiletech.flow.cmp.project.Configurator configure
INFO:     [nodedata.name = webserver1]
Aug 07, 2016 8:19:56 PM nl.agiletech.flow.cmp.project.Configurator configure
INFO:     [nodedata.privateIp = 10.0.0.1]
Aug 07, 2016 8:19:56 PM nl.agiletech.flow.cmp.project.Configurator interrogateConfigurationProvider
INFO:   nl.agiletech.flow.examples.starter.config.GlobalConfig@2b3668f1:
Aug 07, 2016 8:19:56 PM nl.agiletech.flow.cmp.project.Configurator interrogateConfigurationProvider
INFO:     [nl.agiletech.flow.examples.starter.config.GlobalConfig.domainName = agiletech.nl]
Aug 07, 2016 8:19:56 PM nl.agiletech.flow.cmp.project.Configurator interrogateConfigurationProvider
INFO:   nl.agiletech.flow.examples.starter.config.ServerConfig@30e8142d:
Aug 07, 2016 8:19:56 PM nl.agiletech.flow.cmp.project.Configurator interrogateConfigurationProvider
INFO:     [nl.agiletech.flow.examples.starter.config.ServerConfig.publicHostName = webserver1.agiletech.nl]
Aug 07, 2016 8:19:56 PM nl.agiletech.flow.cmp.project.DependencyResolver resolve
INFO: +dependency: ufw [Version: 1] (COMPONENT)
Aug 07, 2016 8:19:56 PM nl.agiletech.flow.cmp.project.DependencyResolver resolve
INFO: +dependency: java [Version: 8] (COMPONENT)
Aug 07, 2016 8:19:56 PM nl.agiletech.flow.cmp.project.DependencyResolver resolve
INFO: +dependency: tomcat [Version: 8] (COMPONENT)
Aug 07, 2016 8:19:56 PM nl.agiletech.flow.cmp.project.DependencyResolver resolve
INFO: +dependency: test.txt (TEMPLATE)
Aug 07, 2016 8:19:56 PM nl.agiletech.flow.cmp.project.DependencyResolver resolve
INFO: +dependency: /usr/local/tomcat/wars/test.txt (TEMPLATE)
Aug 07, 2016 8:19:56 PM nl.agiletech.flow.cmp.project.DependencyResolver resolve
INFO: +dependency: test.txt ---> /usr/local/tomcat/wars/test.txt [Version: 97b5dc17be643c31bcae102f26c19665] (FILE)
Aug 07, 2016 8:19:56 PM nl.agiletech.flow.cmp.project.DependencyResolver resolve
INFO: +dependency: nl.agiletech.flow.examples.starter.roles.ApplicationServerRole (ROLE)
Aug 07, 2016 8:19:56 PM nl.agiletech.flow.cmp.project.DependencyResolver resolve
INFO: +dependency: nl.agiletech.flow.project.inspect.PackageVersionInspector@37dfbc50 (INSPECTOR)
Aug 07, 2016 8:19:56 PM nl.agiletech.flow.cmp.project.DependencyResolver resolve
INFO: +dependency: nl.agiletech.flow.project.inspect.IdentityInspector@6dfb4ed4 (INSPECTOR)
Aug 07, 2016 8:19:56 PM nl.agiletech.flow.cmp.project.DependencyResolver resolve
INFO: +dependency: nl.agiletech.flow.project.inspect.DiskInspector@4a0be785 (INSPECTOR)
Aug 07, 2016 8:19:56 PM nl.agiletech.flow.cmp.project.DependencyResolver resolve
INFO: +dependency: nl.agiletech.flow.project.inspect.FileSystemInspector@3991ee40 (INSPECTOR)
Aug 07, 2016 8:19:56 PM nl.agiletech.flow.cmp.project.DependencyResolver resolve
INFO: +dependency: nl.agiletech.flow.project.inspect.SysCtlInspector@73e6e81e (INSPECTOR)
Aug 07, 2016 8:19:56 PM nl.agiletech.flow.cmp.project.DependencyResolver resolve
INFO: +dependency: nl.agiletech.flow.project.inspect.Ec2MetadataInspector@44dc8558 (INSPECTOR)
Aug 07, 2016 8:19:56 PM nl.agiletech.flow.cmp.project.DependencyResolver resolve
INFO: +dependency: nl.agiletech.flow.project.inspect.Ec2UserdataInspector@517e6589 (INSPECTOR)
Aug 07, 2016 8:19:56 PM nl.agiletech.flow.cmp.project.DependencyResolver resolve
INFO: +dependency: nl.agiletech.flow.project.inspect.GceMetadataInspector@672b6208 (INSPECTOR)
Aug 07, 2016 8:19:56 PM nl.agiletech.flow.cmp.project.DependencyResolver resolve
INFO: +dependency: nl.agiletech.flow.project.inspect.VirtualMachineInspector@23c9c0eb (INSPECTOR)
Aug 07, 2016 8:19:56 PM nl.agiletech.flow.cmp.project.DependencyResolver resolve
INFO: +dependency: nl.agiletech.flow.project.inspect.KernelInspector@31f678f (INSPECTOR)
Aug 07, 2016 8:19:56 PM nl.agiletech.flow.cmp.project.DependencyResolver resolve
INFO: +dependency: nl.agiletech.flow.project.inspect.MemoryInspector@21ef0848 (INSPECTOR)
Aug 07, 2016 8:19:56 PM nl.agiletech.flow.cmp.project.DependencyResolver resolve
INFO: +dependency: nl.agiletech.flow.project.inspect.MountPointInspector@1d68155f (INSPECTOR)
Aug 07, 2016 8:19:56 PM nl.agiletech.flow.cmp.project.DependencyResolver resolve
INFO: +dependency: nl.agiletech.flow.project.inspect.NetworkInspector@704b5081 (INSPECTOR)
Aug 07, 2016 8:19:56 PM nl.agiletech.flow.cmp.project.DependencyResolver resolve
INFO: +dependency: nl.agiletech.flow.project.inspect.OperatingSystemInspector@8106218 (INSPECTOR)
Aug 07, 2016 8:19:56 PM nl.agiletech.flow.cmp.project.DependencyResolver resolve
INFO: +dependency: nl.agiletech.flow.project.inspect.PartitionInspector@51e4861a (INSPECTOR)
Aug 07, 2016 8:19:56 PM nl.agiletech.flow.cmp.project.DependencyResolver resolve
INFO: +dependency: nl.agiletech.flow.project.inspect.PathInspector@cfba394 (INSPECTOR)
Aug 07, 2016 8:19:56 PM nl.agiletech.flow.cmp.project.DependencyResolver resolve
INFO: +dependency: nl.agiletech.flow.project.inspect.ProcessorInspector@261e25d2 (INSPECTOR)
Aug 07, 2016 8:19:56 PM nl.agiletech.flow.cmp.project.DependencyResolver resolve
INFO: +dependency: nl.agiletech.flow.project.inspect.SshInspector@2d9593ab (INSPECTOR)
Aug 07, 2016 8:19:56 PM nl.agiletech.flow.cmp.project.DependencyResolver resolve
INFO: +dependency: nl.agiletech.flow.project.inspect.SystemProfileInspector@58341455 (INSPECTOR)
Aug 07, 2016 8:19:56 PM nl.agiletech.flow.cmp.project.DependencyResolver resolve
INFO: +dependency: nl.agiletech.flow.project.inspect.SystemUptimeInspector@982fbc4 (INSPECTOR)
Aug 07, 2016 8:19:56 PM nl.agiletech.flow.cmp.project.DependencyResolver resolve
INFO: +dependency: nl.agiletech.flow.project.inspect.TimezoneInspector@5ee57f93 (INSPECTOR)
Aug 07, 2016 8:19:56 PM nl.agiletech.flow.cmp.project.DependencyResolver resolve
INFO: +dependency: nl.agiletech.flow.project.inspect.BiosInspector@5f6cb72f (INSPECTOR)
Aug 07, 2016 8:19:56 PM nl.agiletech.flow.cmp.project.DependencyResolver resolve
INFO: +dependency: nl.agiletech.flow.project.inspect.AssetInspector@2702862b (INSPECTOR)
Aug 07, 2016 8:19:56 PM nl.agiletech.flow.cmp.project.DependencyResolver resolve
INFO: +dependency: nl.agiletech.flow.project.inspect.DhcpInspector@394005d4 (INSPECTOR)
Aug 07, 2016 8:19:56 PM nl.agiletech.flow.cmp.project.DependencyResolver resolve
INFO: +dependency: nl.agiletech.flow.examples.starter.nodes.WebserverNode (NODE)
Aug 07, 2016 8:19:56 PM nl.agiletech.flow.project.types.ConfigurationSettings loadFrom
INFO: configuration settings: 
Aug 07, 2016 8:19:56 PM nl.agiletech.flow.project.types.ConfigurationSettings loadFrom
INFO:   [fileRoot = /tmp/flow/files]
Aug 07, 2016 8:19:56 PM nl.agiletech.flow.project.types.ConfigurationSettings loadFrom
INFO: supported platforms: 
Aug 07, 2016 8:19:56 PM nl.agiletech.flow.project.types.ConfigurationSettings loadFrom
INFO:   [Darwin = nl.agiletech.flow.osx]
Aug 07, 2016 8:19:56 PM nl.agiletech.flow.project.types.ConfigurationSettings loadFrom
INFO:   [Debian = nl.agiletech.flow.debian]
Aug 07, 2016 8:19:56 PM nl.agiletech.flow.cmp.compiler.builtin.DefaultCompiler compile
INFO: --- compile ---
Aug 07, 2016 8:19:56 PM nl.agiletech.flow.cmp.jarinspector.JarInspector inspect
INFO: inspecting project: /Users/moincreemers/Documents/Projecten/INTERNAL/flow/build/1.0/StarterProject/libs/StarterProject.jar
Aug 07, 2016 8:19:56 PM nl.agiletech.flow.project.types.Context addConfigurationProvider
INFO: +configuration-provider: nl.agiletech.flow.cmp.project.DefaultConfigurationProvider@4e7af2d7
Aug 07, 2016 8:19:56 PM nl.agiletech.flow.cmp.project.GlobalConfigurationMapper mapConfigurations
INFO: +global config: class nl.agiletech.flow.examples.starter.config.GlobalConfig
Aug 07, 2016 8:19:56 PM nl.agiletech.flow.cmp.project.Configurator configure
INFO: configuring dataset
Aug 07, 2016 8:19:56 PM nl.agiletech.flow.cmp.project.Configurator configure
INFO:   NodeData:
Aug 07, 2016 8:19:56 PM nl.agiletech.flow.cmp.project.Configurator configure
INFO:     [nodedata.hostName = webserver2.local]
Aug 07, 2016 8:19:56 PM nl.agiletech.flow.cmp.project.Configurator configure
INFO:     [nodedata.name = webserver2]
Aug 07, 2016 8:19:56 PM nl.agiletech.flow.cmp.project.Configurator configure
INFO:     [nodedata.privateIp = 10.0.0.2]
Aug 07, 2016 8:19:56 PM nl.agiletech.flow.cmp.project.Configurator interrogateConfigurationProvider
INFO:   nl.agiletech.flow.examples.starter.config.GlobalConfig@2bf340c2:
Aug 07, 2016 8:19:56 PM nl.agiletech.flow.cmp.project.Configurator interrogateConfigurationProvider
INFO:     [nl.agiletech.flow.examples.starter.config.GlobalConfig.domainName = agiletech.nl]
Aug 07, 2016 8:19:56 PM nl.agiletech.flow.cmp.project.NodeResolver resolve
INFO: +node: nl.agiletech.flow.examples.starter.nodes.WebserverNode@51dd2577
Aug 07, 2016 8:19:56 PM nl.agiletech.flow.cmp.project.ConfigurationResolver mapConfigurations
INFO: +configuration-mapper: nl.agiletech.flow.examples.starter.config.CustomConfigurationMapper
Aug 07, 2016 8:19:56 PM nl.agiletech.flow.project.types.Context addConfigurationProvider
INFO: +configuration-provider: nl.agiletech.flow.project.types.SimpleConfigurationProvider@46d572fe
Aug 07, 2016 8:19:56 PM nl.agiletech.flow.cmp.project.Configurator configure
INFO: configuring dataset
Aug 07, 2016 8:19:56 PM nl.agiletech.flow.cmp.project.Configurator configure
INFO:   NodeData:
Aug 07, 2016 8:19:56 PM nl.agiletech.flow.cmp.project.Configurator configure
INFO:     [nodedata.hostName = webserver2.local]
Aug 07, 2016 8:19:56 PM nl.agiletech.flow.cmp.project.Configurator configure
INFO:     [nodedata.name = webserver2]
Aug 07, 2016 8:19:56 PM nl.agiletech.flow.cmp.project.Configurator configure
INFO:     [nodedata.privateIp = 10.0.0.2]
Aug 07, 2016 8:19:56 PM nl.agiletech.flow.cmp.project.Configurator interrogateConfigurationProvider
INFO:   nl.agiletech.flow.examples.starter.config.GlobalConfig@6a8738fe:
Aug 07, 2016 8:19:56 PM nl.agiletech.flow.cmp.project.Configurator interrogateConfigurationProvider
INFO:     [nl.agiletech.flow.examples.starter.config.GlobalConfig.domainName = agiletech.nl]
Aug 07, 2016 8:19:56 PM nl.agiletech.flow.cmp.project.Configurator interrogateConfigurationProvider
INFO:   nl.agiletech.flow.examples.starter.config.ServerConfig@52c94e44:
Aug 07, 2016 8:19:56 PM nl.agiletech.flow.cmp.project.Configurator interrogateConfigurationProvider
INFO:     [nl.agiletech.flow.examples.starter.config.ServerConfig.publicHostName = webserver2.agiletech.nl]
Aug 07, 2016 8:19:56 PM nl.agiletech.flow.cmp.project.DependencyResolver resolve
INFO: +dependency: ufw [Version: 1] (COMPONENT)
Aug 07, 2016 8:19:56 PM nl.agiletech.flow.cmp.project.DependencyResolver resolve
INFO: +dependency: java [Version: 8] (COMPONENT)
Aug 07, 2016 8:19:56 PM nl.agiletech.flow.cmp.project.DependencyResolver resolve
INFO: +dependency: tomcat [Version: 8] (COMPONENT)
Aug 07, 2016 8:19:56 PM nl.agiletech.flow.cmp.project.DependencyResolver resolve
INFO: +dependency: test.txt (TEMPLATE)
Aug 07, 2016 8:19:56 PM nl.agiletech.flow.cmp.project.DependencyResolver resolve
INFO: +dependency: /usr/local/tomcat/wars/test.txt (TEMPLATE)
Aug 07, 2016 8:19:56 PM nl.agiletech.flow.cmp.project.DependencyResolver resolve
INFO: +dependency: test.txt ---> /usr/local/tomcat/wars/test.txt [Version: 97b5dc17be643c31bcae102f26c19665] (FILE)
Aug 07, 2016 8:19:56 PM nl.agiletech.flow.cmp.project.DependencyResolver resolve
INFO: +dependency: nl.agiletech.flow.examples.starter.roles.ApplicationServerRole (ROLE)
Aug 07, 2016 8:19:56 PM nl.agiletech.flow.cmp.project.DependencyResolver resolve
INFO: +dependency: nl.agiletech.flow.project.inspect.PackageVersionInspector@77894f8b (INSPECTOR)
Aug 07, 2016 8:19:56 PM nl.agiletech.flow.cmp.project.DependencyResolver resolve
INFO: +dependency: nl.agiletech.flow.project.inspect.IdentityInspector@10edc85b (INSPECTOR)
Aug 07, 2016 8:19:56 PM nl.agiletech.flow.cmp.project.DependencyResolver resolve
INFO: +dependency: nl.agiletech.flow.project.inspect.DiskInspector@64671483 (INSPECTOR)
Aug 07, 2016 8:19:56 PM nl.agiletech.flow.cmp.project.DependencyResolver resolve
INFO: +dependency: nl.agiletech.flow.project.inspect.FileSystemInspector@5fcc3ffc (INSPECTOR)
Aug 07, 2016 8:19:56 PM nl.agiletech.flow.cmp.project.DependencyResolver resolve
INFO: +dependency: nl.agiletech.flow.project.inspect.SysCtlInspector@6204d699 (INSPECTOR)
Aug 07, 2016 8:19:56 PM nl.agiletech.flow.cmp.project.DependencyResolver resolve
INFO: +dependency: nl.agiletech.flow.project.inspect.Ec2MetadataInspector@1cd56592 (INSPECTOR)
Aug 07, 2016 8:19:56 PM nl.agiletech.flow.cmp.project.DependencyResolver resolve
INFO: +dependency: nl.agiletech.flow.project.inspect.Ec2UserdataInspector@404aa987 (INSPECTOR)
Aug 07, 2016 8:19:56 PM nl.agiletech.flow.cmp.project.DependencyResolver resolve
INFO: +dependency: nl.agiletech.flow.project.inspect.GceMetadataInspector@7e474dad (INSPECTOR)
Aug 07, 2016 8:19:56 PM nl.agiletech.flow.cmp.project.DependencyResolver resolve
INFO: +dependency: nl.agiletech.flow.project.inspect.VirtualMachineInspector@3ab3ece2 (INSPECTOR)
Aug 07, 2016 8:19:56 PM nl.agiletech.flow.cmp.project.DependencyResolver resolve
INFO: +dependency: nl.agiletech.flow.project.inspect.KernelInspector@dfde7d3 (INSPECTOR)
Aug 07, 2016 8:19:56 PM nl.agiletech.flow.cmp.project.DependencyResolver resolve
INFO: +dependency: nl.agiletech.flow.project.inspect.MemoryInspector@18ee617a (INSPECTOR)
Aug 07, 2016 8:19:56 PM nl.agiletech.flow.cmp.project.DependencyResolver resolve
INFO: +dependency: nl.agiletech.flow.project.inspect.MountPointInspector@5c807def (INSPECTOR)
Aug 07, 2016 8:19:56 PM nl.agiletech.flow.cmp.project.DependencyResolver resolve
INFO: +dependency: nl.agiletech.flow.project.inspect.NetworkInspector@79f14e61 (INSPECTOR)
Aug 07, 2016 8:19:56 PM nl.agiletech.flow.cmp.project.DependencyResolver resolve
INFO: +dependency: nl.agiletech.flow.project.inspect.OperatingSystemInspector@1b50fdf3 (INSPECTOR)
Aug 07, 2016 8:19:56 PM nl.agiletech.flow.cmp.project.DependencyResolver resolve
INFO: +dependency: nl.agiletech.flow.project.inspect.PartitionInspector@705eaa52 (INSPECTOR)
Aug 07, 2016 8:19:56 PM nl.agiletech.flow.cmp.project.DependencyResolver resolve
INFO: +dependency: nl.agiletech.flow.project.inspect.PathInspector@2feedeb3 (INSPECTOR)
Aug 07, 2016 8:19:56 PM nl.agiletech.flow.cmp.project.DependencyResolver resolve
INFO: +dependency: nl.agiletech.flow.project.inspect.ProcessorInspector@5c9f1f69 (INSPECTOR)
Aug 07, 2016 8:19:56 PM nl.agiletech.flow.cmp.project.DependencyResolver resolve
INFO: +dependency: nl.agiletech.flow.project.inspect.SshInspector@40bcde6c (INSPECTOR)
Aug 07, 2016 8:19:56 PM nl.agiletech.flow.cmp.project.DependencyResolver resolve
INFO: +dependency: nl.agiletech.flow.project.inspect.SystemProfileInspector@45b5e013 (INSPECTOR)
Aug 07, 2016 8:19:56 PM nl.agiletech.flow.cmp.project.DependencyResolver resolve
INFO: +dependency: nl.agiletech.flow.project.inspect.SystemUptimeInspector@1cf7b550 (INSPECTOR)
Aug 07, 2016 8:19:56 PM nl.agiletech.flow.cmp.project.DependencyResolver resolve
INFO: +dependency: nl.agiletech.flow.project.inspect.TimezoneInspector@38b785f0 (INSPECTOR)
Aug 07, 2016 8:19:56 PM nl.agiletech.flow.cmp.project.DependencyResolver resolve
INFO: +dependency: nl.agiletech.flow.project.inspect.BiosInspector@1e5e7334 (INSPECTOR)
Aug 07, 2016 8:19:56 PM nl.agiletech.flow.cmp.project.DependencyResolver resolve
INFO: +dependency: nl.agiletech.flow.project.inspect.AssetInspector@7401ad94 (INSPECTOR)
Aug 07, 2016 8:19:56 PM nl.agiletech.flow.cmp.project.DependencyResolver resolve
INFO: +dependency: nl.agiletech.flow.project.inspect.DhcpInspector@55fdcb71 (INSPECTOR)
Aug 07, 2016 8:19:56 PM nl.agiletech.flow.cmp.project.DependencyResolver resolve
INFO: +dependency: nl.agiletech.flow.examples.starter.nodes.WebserverNode (NODE)
Aug 07, 2016 8:19:56 PM nl.agiletech.flow.project.types.ConfigurationSettings loadFrom
INFO: configuration settings: 
Aug 07, 2016 8:19:56 PM nl.agiletech.flow.project.types.ConfigurationSettings loadFrom
INFO:   [fileRoot = /tmp/flow/files]
Aug 07, 2016 8:19:56 PM nl.agiletech.flow.project.types.ConfigurationSettings loadFrom
INFO: supported platforms: 
Aug 07, 2016 8:19:56 PM nl.agiletech.flow.project.types.ConfigurationSettings loadFrom
INFO:   [Darwin = nl.agiletech.flow.osx]
Aug 07, 2016 8:19:56 PM nl.agiletech.flow.project.types.ConfigurationSettings loadFrom
INFO:   [Debian = nl.agiletech.flow.debian]
Aug 07, 2016 8:19:56 PM nl.agiletech.flow.cmp.compiler.builtin.DefaultCompiler compile
INFO: --- compile ---
Aug 07, 2016 8:19:56 PM nl.agiletech.flow.cmp.jarinspector.JarInspector inspect
INFO: inspecting project: /Users/moincreemers/Documents/Projecten/INTERNAL/flow/build/1.0/StarterProject/libs/StarterProject.jar
Aug 07, 2016 8:19:56 PM nl.agiletech.flow.project.types.Context addConfigurationProvider
INFO: +configuration-provider: nl.agiletech.flow.cmp.project.DefaultConfigurationProvider@f2194cc
Aug 07, 2016 8:19:56 PM nl.agiletech.flow.cmp.project.GlobalConfigurationMapper mapConfigurations
INFO: +global config: class nl.agiletech.flow.examples.starter.config.GlobalConfig
Aug 07, 2016 8:19:56 PM nl.agiletech.flow.cmp.project.Configurator configure
INFO: configuring dataset
Aug 07, 2016 8:19:56 PM nl.agiletech.flow.cmp.project.Configurator configure
INFO:   NodeData:
Aug 07, 2016 8:19:56 PM nl.agiletech.flow.cmp.project.Configurator configure
INFO:     [nodedata.hostName = unknown.local]
Aug 07, 2016 8:19:56 PM nl.agiletech.flow.cmp.project.Configurator configure
INFO:     [nodedata.name = unknown]
Aug 07, 2016 8:19:56 PM nl.agiletech.flow.cmp.project.Configurator configure
INFO:     [nodedata.privateIp = 10.0.0.1]
Aug 07, 2016 8:19:56 PM nl.agiletech.flow.cmp.project.Configurator interrogateConfigurationProvider
INFO:   nl.agiletech.flow.examples.starter.config.GlobalConfig@74d603d:
Aug 07, 2016 8:19:56 PM nl.agiletech.flow.cmp.project.Configurator interrogateConfigurationProvider
INFO:     [nl.agiletech.flow.examples.starter.config.GlobalConfig.domainName = agiletech.nl]
]]></system-err>
</testsuite>
